
**** Build of configuration Debug for project Lab2 ****

"C:\\ti\\ccs810\\ccsv8\\utils\\bin\\gmake" -k -j 8 all -O 
 
Building file: "../tm4c123gh6pm_startup_ccs.c"
Invoking: ARM Compiler
"C:/ti/ccs810/ccsv8/tools/compiler/ti-cgt-arm_18.1.2.LTS/bin/armcl" -mv7M4 --code_state=16 --float_support=FPv4SPD16 -me --include_path="C:/Users/mreyes43/Documents/GitHub/LabGroupC2/Util" --include_path="C:/Users/mreyes43/Documents/GitHub/LabGroupC2/Lab2" --include_path="C:/ti/TivaWare_C_Series-2.1.4.178" --include_path="C:/ti/ccs810/ccsv8/tools/compiler/ti-cgt-arm_18.1.2.LTS/include" --define=ccs="ccs" --define=PART_TM4C123GH6PM -g --gcc --diag_warning=225 --diag_wrap=off --display_error_number --abi=eabi --preproc_with_compile --preproc_dependency="tm4c123gh6pm_startup_ccs.d_raw"  "../tm4c123gh6pm_startup_ccs.c"
Finished building: "../tm4c123gh6pm_startup_ccs.c"
 
Building file: "../main(1).c"
Invoking: ARM Compiler
"C:/ti/ccs810/ccsv8/tools/compiler/ti-cgt-arm_18.1.2.LTS/bin/armcl" -mv7M4 --code_state=16 --float_support=FPv4SPD16 -me --include_path="C:/Users/mreyes43/Documents/GitHub/LabGroupC2/Util" --include_path="C:/Users/mreyes43/Documents/GitHub/LabGroupC2/Lab2" --include_path="C:/ti/TivaWare_C_Series-2.1.4.178" --include_path="C:/ti/ccs810/ccsv8/tools/compiler/ti-cgt-arm_18.1.2.LTS/include" --define=ccs="ccs" --define=PART_TM4C123GH6PM -g --gcc --diag_warning=225 --diag_wrap=off --display_error_number --abi=eabi --preproc_with_compile --preproc_dependency="main(1).d_raw"  "../main(1).c"
Finished building: "../main(1).c"
 
Building file: "../seg7.c"
Invoking: ARM Compiler
"C:/ti/ccs810/ccsv8/tools/compiler/ti-cgt-arm_18.1.2.LTS/bin/armcl" -mv7M4 --code_state=16 --float_support=FPv4SPD16 -me --include_path="C:/Users/mreyes43/Documents/GitHub/LabGroupC2/Util" --include_path="C:/Users/mreyes43/Documents/GitHub/LabGroupC2/Lab2" --include_path="C:/ti/TivaWare_C_Series-2.1.4.178" --include_path="C:/ti/ccs810/ccsv8/tools/compiler/ti-cgt-arm_18.1.2.LTS/include" --define=ccs="ccs" --define=PART_TM4C123GH6PM -g --gcc --diag_warning=225 --diag_wrap=off --display_error_number --abi=eabi --preproc_with_compile --preproc_dependency="seg7.d_raw"  "../seg7.c"
Finished building: "../seg7.c"
 
Building target: "Lab2.out"
Invoking: ARM Linker
"C:/ti/ccs810/ccsv8/tools/compiler/ti-cgt-arm_18.1.2.LTS/bin/armcl" -mv7M4 --code_state=16 --float_support=FPv4SPD16 -me --define=ccs="ccs" --define=PART_TM4C123GH6PM -g --gcc --diag_warning=225 --diag_wrap=off --display_error_number --abi=eabi -z -m"Lab2.map" --heap_size=2048 --stack_size=1024 -i"C:/ti/ccs810/ccsv8/tools/compiler/ti-cgt-arm_18.1.2.LTS/lib" -i"C:/ti/ccs810/ccsv8/tools/compiler/ti-cgt-arm_18.1.2.LTS/include" --reread_libs --diag_wrap=off --display_error_number --warn_sections --xml_link_info="Lab2_linkInfo.xml" --rom_model -o "Lab2.out" "./main(1).obj" "./seg7.obj" "./tm4c123gh6pm_startup_ccs.obj" "../tm4c123gh6pm.cmd"  -llibc.a -l"C:/ti/TivaWare_C_Series-2.1.4.178/driverlib/ccs/Debug/driverlib.lib" 
<Linking>
 
 undefined    first referenced
  symbol          in file     
 ---------    ----------------
 lpInit       ./main(1).obj   
 pbRead       ./main(1).obj   
 schdCallback ./main(1).obj   
 schdExecute  ./main(1).obj   
 uprintf      ./main(1).obj   
 waitUs       ./seg7.obj      
 
error #10234-D: unresolved symbols remain
error #10010: errors encountered during linking; "Lab2.out" not built
 
>> Compilation failure
makefile:144: recipe for target 'Lab2.out' failed
gmake[1]: *** [Lab2.out] Error 1
gmake: *** [all] Error 2
makefile:140: recipe for target 'all' failed

**** Build Finished ****
